sample_input:
Velcomey to der Nind Annual High School Programming
Toornament.  Der judges dink yoo vill findy der problem set
bod fun und challenging.  Vey hopey yoo actually do.

straight translations:
und
Und
Den
den
der
Der
Ya
ya
Vich
vich
xy.
x
v
vv
V
dy.
d
py.
p
f
e
ey.
ur
ur
oo
oo
D
d
ook

A paragraph:
Vv ppy ddy.  THICK isn't Dook ur dooght.  Der shooldn't becomey Dey.
Vund Soodery vurdenvook foov fey.  D.E.P. dy.ey.py.
A really long liney just fur spurt.  Still holdabley in a pascal string, but longer dan eighty charaters.
