sample_input: 
Velcomey to der Nind Annual High School Programming 
Toornament.  Der judges dink yoo vill findy der problem set 
bod fun und challenging.  Vey hopey yoo actually do. 
 
straight translations: 
und 
Und 
Den 
den 
der 
Der 
Ya 
ya 
Vich 
vich 
xy. 
xy 
w 
vw 
V 
dy. 
dy 
py. 
py 
f 
ey 
ey. 
ur 
ur 
oo 
uey 
D 
d 
ook 
 
A paragraph: 
Vw ppy ddy.  THICK isn't Dook ur dooght.  Der shooldn't becomey Dey. 
Vund Soodery vurdenvook foow fey.  D.E.P. dy.ey.py. 
A really long liney just fur spurt.  Still holdabley in a pascal string, but longer dan eighty charaters. 
