Set #1
The goats kick each other at -4.100 -0.300

Set #2
The goats kick each other at -8.600 2.600

Set #3
  The goats kick each other at 0.400 -3.300
  The goats kick each other at -8.600 -3.300

Set #4
  The goats kick each other at 2.800 -1.600
  The goats kick each other at 0.200 -3.000

Set #5
The goats kick each other at -1.800 -9.700

Set #6
The goats can't kick each other.

Set #7
The goats can't kick each other.

Set #8
The goats kick each other at -0.100 8.700

Set #9
  The goats kick each other at -1.900 2.900
  The goats kick each other at -6.900 -1.100

Set #10
The goats can't kick each other.

Set #11
The goats can't kick each other.

Set #12
  The goats kick each other at -0.500 -2.600
  The goats kick each other at -4.500 -2.600

Set #13
The goats kick each other at 1.700 -8.200

Set #14
The goats can't kick each other.

Set #15
The goats kick each other at -4.400 -1.700

Set #16
The goats kick each other at 1.000 5.800

Set #17
The goats can't kick each other.

Set #18
The goats can't kick each other.

Set #19
The goats kick each other at -0.300 6.000

Set #20
The goats kick each other at -3.300 1.400

Set #21
  The goats kick each other at 3.100 -4.700
  The goats kick each other at -1.900 -1.700

Set #22
The goats kick each other at -1.500 -5.100

Set #23
The goats kick each other at 0.700 7.600

Set #24
The goats can't kick each other.

Set #25
The goats kick each other at -4.600 6.900

Set #26
The goats kick each other at 2.600 2.300

Set #27
The goats kick each other at 2.800 7.900

Set #28
The goats kick each other at -1.300 -8.400

Set #29
The goats can't kick each other.

Set #30
  The goats kick each other at -5.000 2.100
  The goats kick each other at -4.600 0.300

Set #31
The goats kick each other at 4.000 4.300

Set #32
The goats kick each other at -6.000 0.200

Set #33
The goats kick each other at 7.800 2.400

Set #34
The goats kick each other at -1.000 4.900

Set #35
The goats kick each other at 2.600 6.000

Set #36
  The goats kick each other at -0.900 6.300
  The goats kick each other at -0.900 -2.700

Set #37
The goats can't kick each other.

Set #38
The goats can't kick each other.

Set #39
The goats can't kick each other.

Set #40
The goats can't kick each other.

Set #41
The goats can't kick each other.

Set #42
The goats kick each other at 5.700 4.200

Set #43
The goats can't kick each other.

Set #44
The goats can't kick each other.

Set #45
The goats can't kick each other.

Set #46
The goats kick each other at -0.900 -6.100

Set #47
The goats kick each other at -3.200 -0.400

Set #48
  The goats kick each other at 0.400 -0.400
  The goats kick each other at 0.400 -8.600

Set #49
The goats can't kick each other.

Set #50
The goats kick each other at 3.600 -0.300

Set #51
The goats kick each other at -4.400 -2.700

Set #52
  The goats kick each other at -4.600 2.500
  The goats kick each other at -2.000 -2.500

Set #53
  The goats kick each other at 3.900 -3.900
  The goats kick each other at -4.100 -3.900

Set #54
  The goats kick each other at 7.600 -3.500
  The goats kick each other at -0.000 -2.500

Set #55
The goats can't kick each other.

Set #56
The goats kick each other at 2.500 5.700

Set #57
The goats can't kick each other.

Set #58
  The goats kick each other at 0.500 -0.900
  The goats kick each other at -6.700 -0.900

Set #59
  The goats kick each other at 3.000 1.000
  The goats kick each other at 3.000 -8.600

Set #60
The goats kick each other at -7.700 1.000

Set #61
The goats kick each other at -8.700 3.300

Set #62
The goats can't kick each other.

Set #63
The goats can't kick each other.

Set #64
The goats kick each other at -3.200 -5.400

Set #65
The goats kick each other at 6.200 -4.200

Set #66
  The goats kick each other at -1.500 -1.300
  The goats kick each other at -7.300 -1.300

Set #67
  The goats kick each other at 2.200 1.200
  The goats kick each other at 2.200 -6.000

Set #68
  The goats kick each other at 3.500 -3.700
  The goats kick each other at 2.500 -4.300

Set #69
The goats kick each other at 0.100 4.200

Set #70
The goats kick each other at -6.700 4.300

Set #71
The goats can't kick each other.

Set #72
The goats kick each other at -2.200 -2.600

Set #73
The goats kick each other at 3.100 0.400

Set #74
The goats can't kick each other.

Set #75
  The goats kick each other at 1.100 7.400
  The goats kick each other at 1.100 1.200

Set #76
  The goats kick each other at -4.600 4.200
  The goats kick each other at -4.600 -3.200

Set #77
The goats kick each other at 7.100 0.000

Set #78
The goats can't kick each other.

Set #79
The goats can't kick each other.

Set #80
The goats kick each other at -3.100 -3.500

Set #81
The goats can't kick each other.

Set #82
  The goats kick each other at 6.500 -1.800
  The goats kick each other at 0.700 -4.400

Set #83
  The goats kick each other at 1.100 5.900
  The goats kick each other at 1.100 1.300

Set #84
  The goats kick each other at 1.300 0.100
  The goats kick each other at 1.300 -8.700

Set #85
The goats can't kick each other.

Set #86
The goats kick each other at 2.800 -7.500

Set #87
The goats can't kick each other.

Set #88
The goats can't kick each other.

Set #89
The goats can't kick each other.

Set #90
  The goats kick each other at 0.900 -2.200
  The goats kick each other at -3.900 -2.200

Set #91
  The goats kick each other at -0.100 3.100
  The goats kick each other at -0.100 -5.900

Set #92
  The goats kick each other at -2.200 7.300
  The goats kick each other at 2.400 0.300

Set #93
  The goats kick each other at -4.100 -4.300
  The goats kick each other at -5.500 -4.300

Set #94
  The goats kick each other at 4.900 0.200
  The goats kick each other at 1.900 -8.800

Set #95
The goats can't kick each other.

Set #96
  The goats kick each other at 6.900 -3.400
  The goats kick each other at 2.300 -3.400

Set #97
  The goats kick each other at -2.500 -0.700
  The goats kick each other at -2.500 -2.100

Set #98
The goats kick each other at 4.600 0.200

Set #99
The goats kick each other at -1.900 -9.600

Set #100
The goats kick each other at 3.900 -3.600

Set #101
The goats can't kick each other.

Set #102
The goats can't kick each other.

Set #103
The goats kick each other at 3.800 2.300

Set #104
The goats kick each other at -3.900 -4.100

Set #105
The goats can't kick each other.

Set #106
The goats kick each other at 8.200 3.600

Set #107
The goats kick each other at -8.900 -1.000

Set #108
The goats kick each other at 1.100 -4.500

Set #109
The goats can't kick each other.

Set #110
The goats kick each other at 3.500 -8.100

Set #111
  The goats kick each other at 1.700 -5.000
  The goats kick each other at -4.500 -5.000

Set #112
The goats kick each other at 3.500 1.200

Set #113
The goats can't kick each other.

Set #114
  The goats kick each other at 3.700 2.900
  The goats kick each other at 3.700 0.100

Set #115
The goats can't kick each other.

Set #116
The goats kick each other at -9.200 -0.400

Set #117
The goats can't kick each other.

Set #118
The goats kick each other at -4.800 1.000

Set #119
  The goats kick each other at -4.600 2.000
  The goats kick each other at -4.600 -0.600

Set #120
  The goats kick each other at -3.600 -3.600
  The goats kick each other at -3.600 -5.200

Set #121
The goats can't kick each other.

Set #122
The goats can't kick each other.

Set #123
  The goats kick each other at 2.600 -0.800
  The goats kick each other at -0.200 -3.600

Set #124
The goats kick each other at 6.600 -3.400

Set #125
The goats can't kick each other.

Set #126
  The goats kick each other at -1.400 1.300
  The goats kick each other at -1.400 -1.500

Set #127
  The goats kick each other at 6.300 4.000
  The goats kick each other at 2.100 4.000

Set #128
The goats can't kick each other.

Set #129
  The goats kick each other at 4.600 2.800
  The goats kick each other at 4.600 -0.600

Set #130
The goats can't kick each other.

Set #131
The goats kick each other at 0.400 -1.500

Set #132
  The goats kick each other at 1.100 3.100
  The goats kick each other at 1.100 -0.900

Set #133
The goats kick each other at -3.700 -6.800

Set #134
  The goats kick each other at 2.200 4.500
  The goats kick each other at 0.800 4.500

Set #135
The goats can't kick each other.

Set #136
The goats can't kick each other.

Set #137
The goats can't kick each other.

Set #138
The goats kick each other at -1.100 -0.600

Set #139
The goats can't kick each other.

Set #140
The goats kick each other at -2.700 -1.500

Set #141
The goats kick each other at 3.700 -9.800

Set #142
The goats can't kick each other.

Set #143
The goats kick each other at -2.500 6.200

Set #144
  The goats kick each other at -2.200 5.300
  The goats kick each other at -4.200 2.300

Set #145
  The goats kick each other at -2.000 3.400
  The goats kick each other at -4.200 3.400

Set #146
The goats kick each other at -0.500 1.100

Set #147
The goats kick each other at 0.000 -0.000

Set #148
The goats kick each other at 3.000 -3.900

Set #149
The goats kick each other at -3.000 -2.400

Set #150
  The goats kick each other at -0.500 3.000
  The goats kick each other at -7.700 5.800

Set #151
  The goats kick each other at -3.300 5.200
  The goats kick each other at -2.700 -4.600

Set #152
The goats kick each other at -4.600 -0.200

Set #153
  The goats kick each other at 4.400 -4.100
  The goats kick each other at -3.600 -4.100

Set #154
The goats can't kick each other.

Set #155
The goats can't kick each other.

Set #156
  The goats kick each other at -1.900 1.300
  The goats kick each other at -1.900 -1.900

Set #157
The goats can't kick each other.

Set #158
  The goats kick each other at -1.100 2.500
  The goats kick each other at -0.700 -4.100

Set #159
The goats kick each other at -0.500 -0.300

Set #160
  The goats kick each other at -3.600 -4.000
  The goats kick each other at -5.800 -5.400

Set #161
  The goats kick each other at 2.400 -0.800
  The goats kick each other at 1.200 -0.800

Set #162
  The goats kick each other at -0.500 -4.900
  The goats kick each other at -1.900 -4.900

Set #163
The goats kick each other at -1.000 -1.000

Set #164
The goats can't kick each other.

Set #165
The goats can't kick each other.

Set #166
The goats can't kick each other.

Set #167
The goats can't kick each other.

Set #168
The goats kick each other at -3.500 3.100

Set #169
  The goats kick each other at -1.600 3.600
  The goats kick each other at -4.000 -3.400

Set #170
The goats can't kick each other.

Set #171
The goats can't kick each other.

Set #172
  The goats kick each other at 5.400 -2.000
  The goats kick each other at 1.800 -2.000

Set #173
  The goats kick each other at 1.700 1.100
  The goats kick each other at -1.100 1.100

Set #174
The goats kick each other at -0.800 5.100

Set #175
The goats kick each other at -3.700 9.300

Set #176
The goats can't kick each other.

Set #177
  The goats kick each other at -3.900 7.200
  The goats kick each other at -0.500 1.400

Set #178
  The goats kick each other at -1.800 3.700
  The goats kick each other at 1.600 -1.700

Set #179
  The goats kick each other at 4.800 7.800
  The goats kick each other at -3.200 0.400

Set #180
The goats can't kick each other.

Set #181
The goats kick each other at 4.900 1.100

Set #182
  The goats kick each other at -2.600 5.500
  The goats kick each other at -4.600 1.500

Set #183
  The goats kick each other at 1.300 -5.000
  The goats kick each other at 0.700 -5.000

Set #184
  The goats kick each other at 1.500 -1.800
  The goats kick each other at 1.500 -3.200

Set #185
  The goats kick each other at 4.000 0.700
  The goats kick each other at 4.000 -0.700

Set #186
  The goats kick each other at 6.700 2.400
  The goats kick each other at -1.900 2.400

Set #187
The goats kick each other at 6.600 3.300

Set #188
  The goats kick each other at -0.100 -2.400
  The goats kick each other at -3.700 -2.400

Set #189
  The goats kick each other at 2.100 -2.100
  The goats kick each other at 0.300 -1.700

Set #190
The goats kick each other at -0.200 -4.800

Set #191
  The goats kick each other at 0.500 0.400
  The goats kick each other at -1.100 0.400

Set #192
The goats can't kick each other.

Set #193
The goats can't kick each other.

Set #194
  The goats kick each other at -0.800 -4.700
  The goats kick each other at -5.600 -4.700

Set #195
  The goats kick each other at -0.700 -4.800
  The goats kick each other at -2.500 -4.800

Set #196
The goats kick each other at -1.100 -3.700

Set #197
  The goats kick each other at 0.400 3.800
  The goats kick each other at -4.800 3.800

Set #198
The goats can't kick each other.

Set #199
The goats can't kick each other.

Set #200
The goats kick each other at 1.600 2.000

Set #201
The goats kick each other at -2.300 -2.200

Set #202
The goats can't kick each other.

Set #203
The goats can't kick each other.

Set #204
  The goats kick each other at 0.900 1.000
  The goats kick each other at -3.300 -1.200

Set #205
The goats kick each other at 0.900 5.600

Set #206
  The goats kick each other at 3.400 5.700
  The goats kick each other at -5.800 -2.900

Set #207
  The goats kick each other at 3.700 1.800
  The goats kick each other at -3.900 -5.800

Set #208
The goats can't kick each other.

Set #209
The goats can't kick each other.

Set #210
The goats can't kick each other.

Set #211
  The goats kick each other at 9.300 0.800
  The goats kick each other at -0.500 0.800

Set #212
The goats kick each other at 1.700 5.700

Set #213
  The goats kick each other at 6.400 1.400
  The goats kick each other at -3.000 1.400

Set #214
The goats can't kick each other.

Set #215
  The goats kick each other at 4.000 -0.300
  The goats kick each other at 4.000 -7.500

Set #216
  The goats kick each other at -5.300 5.500
  The goats kick each other at -1.100 -3.700

Set #217
  The goats kick each other at 3.500 -4.900
  The goats kick each other at 0.100 -2.300

Set #218
  The goats kick each other at 2.900 4.200
  The goats kick each other at 2.900 1.000

Set #219
The goats can't kick each other.

Set #220
The goats can't kick each other.

Set #221
The goats can't kick each other.

Set #222
The goats can't kick each other.

Set #223
  The goats kick each other at 1.100 1.900
  The goats kick each other at 1.100 -2.900

Set #224
  The goats kick each other at -4.800 7.800
  The goats kick each other at -4.800 -2.000

Set #225
The goats kick each other at -4.500 -0.000

Set #226
The goats can't kick each other.

Set #227
The goats can't kick each other.

Set #228
The goats kick each other at 1.100 -4.600

Set #229
  The goats kick each other at 3.800 -3.800
  The goats kick each other at -5.400 -3.800

Set #230
The goats kick each other at -3.500 -3.100

Set #231
  The goats kick each other at 5.300 1.800
  The goats kick each other at -2.300 1.800

Set #232
  The goats kick each other at 3.900 4.800
  The goats kick each other at -0.900 4.800

Set #233
  The goats kick each other at -1.300 0.600
  The goats kick each other at -1.300 -7.000

Set #234
The goats kick each other at -1.600 -1.200

Set #235
  The goats kick each other at 2.800 5.700
  The goats kick each other at 2.800 0.100

Set #236
  The goats kick each other at -1.800 3.200
  The goats kick each other at 0.000 -3.600

Set #237
The goats can't kick each other.

Set #238
  The goats kick each other at 2.400 6.200
  The goats kick each other at 2.400 1.400

Set #239
The goats kick each other at 6.700 -1.200

Set #240
  The goats kick each other at 1.100 3.700
  The goats kick each other at 1.100 -2.700

Set #241
The goats can't kick each other.

Set #242
  The goats kick each other at -4.200 7.700
  The goats kick each other at -4.200 0.500

Set #243
  The goats kick each other at 1.500 0.500
  The goats kick each other at -0.100 0.500

Set #244
  The goats kick each other at 2.300 0.500
  The goats kick each other at 2.300 -2.300

Set #245
The goats can't kick each other.

Set #246
  The goats kick each other at 8.500 6.100
  The goats kick each other at 0.900 3.100

Set #247
The goats can't kick each other.

Set #248
  The goats kick each other at 6.400 -5.900
  The goats kick each other at -1.800 1.300

Set #249
The goats can't kick each other.

Set #250
  The goats kick each other at 0.500 -0.200
  The goats kick each other at 3.900 -6.400

Set #251
The goats can't kick each other.

Set #252
The goats can't kick each other.

Set #253
The goats can't kick each other.

Set #254
The goats can't kick each other.

Set #255
The goats can't kick each other.

Set #256
The goats kick each other at -1.000 -1.600

Set #257
The goats kick each other at -3.600 4.000

Set #258
The goats can't kick each other.

Set #259
The goats kick each other at -8.700 0.000

Set #260
The goats kick each other at 2.500 -2.800

Set #261
The goats can't kick each other.

Set #262
  The goats kick each other at -2.000 5.900
  The goats kick each other at -2.000 1.100

Set #263
  The goats kick each other at -0.600 4.400
  The goats kick each other at -6.200 -0.400

Set #264
  The goats kick each other at -0.100 3.600
  The goats kick each other at -0.100 -1.400

Set #265
The goats kick each other at 1.800 9.400

Set #266
  The goats kick each other at -3.300 4.800
  The goats kick each other at -3.300 -4.000

Set #267
The goats kick each other at -1.700 -0.500

Set #268
The goats can't kick each other.

Set #269
The goats kick each other at -0.300 4.400

Set #270
The goats kick each other at -4.100 9.900

Set #271
The goats kick each other at -0.300 -1.300

Set #272
  The goats kick each other at 6.500 4.600
  The goats kick each other at 0.500 4.600

Set #273
The goats can't kick each other.

Set #274
The goats can't kick each other.

Set #275
  The goats kick each other at 2.500 4.500
  The goats kick each other at 2.500 -3.900

Set #276
The goats can't kick each other.

Set #277
The goats kick each other at -8.600 -2.100

Set #278
The goats kick each other at -5.100 -1.300

Set #279
  The goats kick each other at 1.600 3.000
  The goats kick each other at 1.600 -5.200

Set #280
The goats can't kick each other.

Set #281
The goats kick each other at 0.200 -4.200

Set #282
  The goats kick each other at 4.600 -1.300
  The goats kick each other at -0.400 -1.300

Set #283
  The goats kick each other at -3.900 0.500
  The goats kick each other at -5.300 0.500

Set #284
The goats kick each other at 0.100 -2.100

Set #285
The goats kick each other at -6.800 2.600

Set #286
The goats kick each other at 4.000 -7.400

Set #287
The goats can't kick each other.

Set #288
The goats can't kick each other.

Set #289
The goats can't kick each other.

Set #290
The goats kick each other at -1.400 -1.000

Set #291
The goats can't kick each other.

Set #292
The goats can't kick each other.

Set #293
The goats can't kick each other.

Set #294
The goats kick each other at 6.300 -2.500

Set #295
The goats can't kick each other.

Set #296
The goats can't kick each other.

Set #297
The goats can't kick each other.

Set #298
The goats kick each other at -0.600 -0.100

Set #299
The goats can't kick each other.

Set #300
The goats can't kick each other.

Set #301
The goats kick each other at 0.900 -1.100

Set #302
The goats can't kick each other.

Set #303
The goats kick each other at -8.500 0.300

Set #304
  The goats kick each other at 6.900 -1.400
  The goats kick each other at -0.100 -1.000

Set #305
The goats can't kick each other.

Set #306
The goats kick each other at 1.200 -4.600

Set #307
  The goats kick each other at 3.000 7.200
  The goats kick each other at 4.600 1.800

Set #308
The goats kick each other at 7.400 0.000

Set #309
The goats kick each other at 3.300 0.500

Set #310
The goats can't kick each other.

Set #311
  The goats kick each other at 1.700 6.000
  The goats kick each other at 4.900 -0.600

Set #312
  The goats kick each other at 3.900 0.500
  The goats kick each other at 1.500 -6.700

Set #313
  The goats kick each other at -1.300 6.400
  The goats kick each other at -0.500 -0.200

Set #314
The goats kick each other at -3.500 1.600

Set #315
The goats kick each other at 6.800 4.800

Set #316
The goats can't kick each other.

Set #317
The goats kick each other at 0.800 -8.900

Set #318
  The goats kick each other at 4.100 -2.200
  The goats kick each other at -1.100 -2.200

Set #319
The goats kick each other at 9.500 -3.300

Set #320
  The goats kick each other at 5.200 2.800
  The goats kick each other at -3.000 2.800

Set #321
  The goats kick each other at 3.200 -1.800
  The goats kick each other at -2.800 -1.800

Set #322
The goats kick each other at 3.000 -0.400

Set #323
The goats can't kick each other.

Set #324
The goats kick each other at -3.000 -0.600

Set #325
The goats can't kick each other.

Set #326
The goats can't kick each other.

Set #327
The goats can't kick each other.

Set #328
  The goats kick each other at -0.100 0.300
  The goats kick each other at -0.500 0.300

Set #329
The goats kick each other at -8.000 5.600

Set #330
  The goats kick each other at 5.400 -1.700
  The goats kick each other at 4.000 -1.700

Set #331
The goats kick each other at -2.000 4.000

Set #332
The goats kick each other at 0.400 -3.100

Set #333
The goats kick each other at -4.100 2.300

Set #334
The goats kick each other at -7.700 -3.000

Set #335
The goats can't kick each other.

Set #336
The goats kick each other at -8.200 0.800

Set #337
  The goats kick each other at 6.900 4.900
  The goats kick each other at 3.100 -1.900

Set #338
The goats can't kick each other.

Set #339
The goats can't kick each other.

Set #340
The goats can't kick each other.

Set #341
  The goats kick each other at 3.400 -4.700
  The goats kick each other at -3.600 -4.700

Set #342
The goats can't kick each other.

Set #343
The goats can't kick each other.

Set #344
  The goats kick each other at 2.700 8.600
  The goats kick each other at 3.500 1.200

Set #345
  The goats kick each other at 8.500 -1.900
  The goats kick each other at 0.900 -1.900

Set #346
The goats can't kick each other.

Set #347
  The goats kick each other at 5.000 -0.300
  The goats kick each other at 2.800 -0.300

Set #348
The goats kick each other at 5.400 -2.300

Set #349
  The goats kick each other at -6.500 7.000
  The goats kick each other at -3.300 1.600

Set #350
  The goats kick each other at 3.600 4.100
  The goats kick each other at -6.000 -4.300

Set #351
The goats kick each other at -0.100 1.600

Set #352
The goats can't kick each other.

Set #353
The goats kick each other at -1.600 -3.800

Set #354
  The goats kick each other at 3.300 -0.700
  The goats kick each other at -2.300 1.300

Set #355
The goats kick each other at 6.000 2.800

Set #356
The goats kick each other at 0.500 0.700

Set #357
  The goats kick each other at -4.400 2.900
  The goats kick each other at -4.400 -4.300

Set #358
  The goats kick each other at -4.000 1.500
  The goats kick each other at -1.600 -5.100

Set #359
  The goats kick each other at -4.400 2.500
  The goats kick each other at -4.400 -6.100

Set #360
  The goats kick each other at 2.900 -0.700
  The goats kick each other at 4.100 -2.700

Set #361
The goats kick each other at 7.500 -0.800

Set #362
The goats kick each other at -0.700 3.900

Set #363
The goats can't kick each other.

Set #364
  The goats kick each other at -1.400 -0.500
  The goats kick each other at -5.000 2.100

Set #365
  The goats kick each other at 2.600 0.600
  The goats kick each other at -0.200 -4.800

Set #366
  The goats kick each other at -0.700 -2.000
  The goats kick each other at -6.500 -2.000

Set #367
The goats kick each other at -3.800 5.200

Set #368
The goats can't kick each other.

Set #369
The goats kick each other at -2.900 8.600

Set #370
The goats kick each other at 2.900 -1.900

Set #371
The goats can't kick each other.

Set #372
The goats kick each other at -2.200 1.300

Set #373
The goats kick each other at -6.700 4.300

Set #374
  The goats kick each other at 2.700 -1.300
  The goats kick each other at -1.900 -1.300

Set #375
  The goats kick each other at 4.200 -0.000
  The goats kick each other at 1.800 -0.000

Set #376
The goats can't kick each other.

Set #377
The goats can't kick each other.

Set #378
  The goats kick each other at 1.700 -2.800
  The goats kick each other at -1.300 -2.800

Set #379
The goats kick each other at 4.000 7.600

Set #380
The goats kick each other at -4.400 -0.900

Set #381
  The goats kick each other at -0.000 7.300
  The goats kick each other at -1.400 -2.500

Set #382
The goats can't kick each other.

Set #383
The goats can't kick each other.

Set #384
The goats kick each other at -5.500 -1.100

Set #385
The goats can't kick each other.

Set #386
The goats kick each other at -2.200 -2.500

Set #387
The goats can't kick each other.

Set #388
The goats kick each other at -0.500 -1.400

Set #389
The goats can't kick each other.

Set #390
The goats can't kick each other.

Set #391
The goats can't kick each other.

Set #392
The goats can't kick each other.

Set #393
The goats can't kick each other.

Set #394
The goats can't kick each other.

Set #395
  The goats kick each other at -1.400 4.800
  The goats kick each other at -1.400 0.600

Set #396
  The goats kick each other at 0.200 2.600
  The goats kick each other at 0.200 -3.600

Set #397
  The goats kick each other at -2.500 7.700
  The goats kick each other at -2.500 0.500

Set #398
The goats kick each other at -2.000 9.700

Set #399
The goats kick each other at -5.600 -1.500

Set #400
The goats kick each other at 2.700 -4.900

Set #401
The goats can't kick each other.

Set #402
  The goats kick each other at -2.400 -0.400
  The goats kick each other at -2.400 -3.000

Set #403
The goats can't kick each other.

Set #404
  The goats kick each other at -3.100 2.000
  The goats kick each other at -4.500 2.000

Set #405
  The goats kick each other at 4.500 0.500
  The goats kick each other at 4.500 -2.900

Set #406
The goats kick each other at 1.700 4.100

Set #407
  The goats kick each other at 7.600 -5.000
  The goats kick each other at 0.400 -5.000

Set #408
  The goats kick each other at 0.200 0.500
  The goats kick each other at 0.200 -2.500

Set #409
  The goats kick each other at -2.500 -1.300
  The goats kick each other at -4.700 -1.300

Set #410
The goats kick each other at -1.500 -3.500

Set #411
  The goats kick each other at -1.200 0.200
  The goats kick each other at -1.200 -5.400

Set #412
  The goats kick each other at -4.300 8.100
  The goats kick each other at -4.300 -1.500

Set #413
  The goats kick each other at 4.100 8.100
  The goats kick each other at 4.100 0.900

Set #414
The goats can't kick each other.

Set #415
The goats can't kick each other.

Set #416
The goats can't kick each other.

Set #417
The goats kick each other at -0.400 -0.400

Set #418
The goats can't kick each other.

Set #419
The goats kick each other at -2.900 -4.500

Set #420
The goats can't kick each other.

Set #421
The goats kick each other at 5.900 5.100

Set #422
  The goats kick each other at -1.000 1.900
  The goats kick each other at -1.000 1.500

Set #423
The goats kick each other at 7.600 5.500

Set #424
  The goats kick each other at 4.800 3.700
  The goats kick each other at 4.800 0.300

Set #425
  The goats kick each other at 6.800 -1.100
  The goats kick each other at 2.000 -1.100

Set #426
The goats kick each other at -9.600 -3.800

Set #427
The goats kick each other at 7.400 0.600

Set #428
The goats can't kick each other.

Set #429
The goats can't kick each other.

Set #430
The goats can't kick each other.

Set #431
The goats kick each other at 2.500 6.100

Set #432
The goats kick each other at -7.700 -4.500

Set #433
The goats kick each other at -0.100 -8.500

Set #434
  The goats kick each other at 3.000 -4.100
  The goats kick each other at -3.000 -0.100

Set #435
  The goats kick each other at 6.400 0.700
  The goats kick each other at 2.200 0.700

Set #436
The goats can't kick each other.

Set #437
The goats can't kick each other.

Set #438
The goats can't kick each other.

Set #439
  The goats kick each other at 1.000 -3.100
  The goats kick each other at -4.200 -3.100

Set #440
  The goats kick each other at 2.100 1.300
  The goats kick each other at 0.900 1.300

Set #441
  The goats kick each other at -1.100 0.500
  The goats kick each other at -5.300 0.500

Set #442
The goats kick each other at -4.500 3.100

Set #443
  The goats kick each other at 8.000 2.200
  The goats kick each other at 2.000 7.800

Set #444
The goats kick each other at 9.900 -1.800

Set #445
The goats kick each other at 3.600 -1.600

Set #446
  The goats kick each other at 3.700 -5.200
  The goats kick each other at -2.900 -4.600

Set #447
The goats kick each other at -2.200 0.800

Set #448
The goats can't kick each other.

Set #449
  The goats kick each other at 3.500 -1.400
  The goats kick each other at -5.300 -1.400

Set #450
The goats can't kick each other.

Set #451
  The goats kick each other at 2.500 4.100
  The goats kick each other at 2.500 3.900

Set #452
The goats can't kick each other.

Set #453
  The goats kick each other at -0.200 -2.600
  The goats kick each other at -7.200 -5.400

Set #454
The goats can't kick each other.

Set #455
  The goats kick each other at 5.700 4.900
  The goats kick each other at -1.700 4.900

Set #456
The goats can't kick each other.

Set #457
The goats can't kick each other.

Set #458
The goats can't kick each other.

Set #459
  The goats kick each other at 4.400 0.900
  The goats kick each other at 4.400 -5.500

Set #460
  The goats kick each other at 6.000 3.200
  The goats kick each other at 2.800 3.200

Set #461
The goats kick each other at 1.300 -6.100

Set #462
  The goats kick each other at 1.600 3.400
  The goats kick each other at -0.000 3.400

Set #463
The goats can't kick each other.

Set #464
The goats can't kick each other.

Set #465
The goats kick each other at 4.900 -8.900

Set #466
The goats can't kick each other.

Set #467
  The goats kick each other at -1.400 4.600
  The goats kick each other at -1.400 0.800

Set #468
The goats can't kick each other.

Set #469
The goats can't kick each other.

Set #470
The goats kick each other at 0.400 9.400

Set #471
  The goats kick each other at 2.100 3.400
  The goats kick each other at 2.100 2.400

Set #472
  The goats kick each other at 3.700 -6.000
  The goats kick each other at -6.100 1.800

Set #473
The goats kick each other at 1.500 7.300

Set #474
The goats can't kick each other.

Set #475
The goats kick each other at 1.900 4.300

Set #476
  The goats kick each other at 2.200 -0.600
  The goats kick each other at -2.200 -5.000

Set #477
The goats can't kick each other.

Set #478
The goats kick each other at -3.900 -2.300

Set #479
The goats kick each other at 3.000 -2.900

Set #480
The goats kick each other at -4.500 1.100

Set #481
  The goats kick each other at 0.700 6.900
  The goats kick each other at 7.900 -1.300

Set #482
  The goats kick each other at -2.500 4.900
  The goats kick each other at -2.900 1.700

Set #483
  The goats kick each other at 3.300 -0.400
  The goats kick each other at 3.300 -8.800

Set #484
  The goats kick each other at 6.300 7.300
  The goats kick each other at -2.900 -1.700

Set #485
The goats kick each other at -2.800 8.300

Set #486
The goats can't kick each other.

Set #487
The goats kick each other at 0.800 2.600

Set #488
  The goats kick each other at 4.800 2.700
  The goats kick each other at -3.600 -5.900

Set #489
  The goats kick each other at -4.900 -0.600
  The goats kick each other at -1.500 -9.000

Set #490
The goats kick each other at 7.000 -1.500

Set #491
The goats kick each other at 4.200 3.100

Set #492
The goats kick each other at -4.000 -3.900

Set #493
The goats kick each other at -0.400 8.300

Set #494
The goats can't kick each other.

Set #495
The goats can't kick each other.

Set #496
The goats can't kick each other.

Set #497
  The goats kick each other at 7.800 -3.000
  The goats kick each other at 0.400 -3.000

Set #498
  The goats kick each other at -0.700 6.100
  The goats kick each other at -0.700 -1.300

Set #499
  The goats kick each other at 0.200 1.800
  The goats kick each other at -2.000 -2.200

Set #500
The goats kick each other at 9.200 -0.500

Set #501
  The goats kick each other at 4.800 3.900
  The goats kick each other at 3.600 3.900

Set #502
The goats kick each other at -7.700 -5.700

Set #503
  The goats kick each other at 0.900 5.400
  The goats kick each other at 0.900 3.800

Set #504
  The goats kick each other at -0.900 5.000
  The goats kick each other at -2.700 0.400

Set #505
  The goats kick each other at -0.200 -0.100
  The goats kick each other at -6.800 -0.100

Set #506
The goats kick each other at -4.200 5.900

Set #507
The goats kick each other at -0.300 1.000

Set #508
The goats kick each other at -1.800 -4.600

Set #509
The goats kick each other at 4.100 -2.300

Set #510
The goats can't kick each other.

Set #511
The goats can't kick each other.

Set #512
The goats can't kick each other.

Set #513
The goats kick each other at 1.200 3.500

Set #514
  The goats kick each other at 1.300 2.700
  The goats kick each other at 1.300 -0.700

Set #515
The goats kick each other at -1.700 5.000

Set #516
  The goats kick each other at 2.400 -0.800
  The goats kick each other at -6.200 -0.800

Set #517
The goats kick each other at -3.100 4.100

Set #518
The goats kick each other at -3.000 -6.300

Set #519
  The goats kick each other at 6.300 3.000
  The goats kick each other at -0.900 3.000

Set #520
  The goats kick each other at 7.200 4.000
  The goats kick each other at 1.400 4.000

Set #521
  The goats kick each other at -0.900 4.600
  The goats kick each other at -2.300 4.600

Set #522
The goats kick each other at -5.000 3.200

Set #523
The goats can't kick each other.

Set #524
The goats kick each other at 0.800 -7.100

Set #525
  The goats kick each other at 5.500 1.000
  The goats kick each other at -4.100 1.000

Set #526
The goats kick each other at -0.400 -8.100

Set #527
The goats can't kick each other.

Set #528
  The goats kick each other at -4.200 7.200
  The goats kick each other at -4.200 -1.800

Set #529
The goats can't kick each other.

Set #530
  The goats kick each other at -0.400 3.800
  The goats kick each other at -5.600 -2.000

Set #531
The goats can't kick each other.

Set #532
The goats kick each other at -1.100 2.800

Set #533
  The goats kick each other at 3.100 -3.600
  The goats kick each other at -4.700 -3.600

Set #534
The goats can't kick each other.

Set #535
  The goats kick each other at 8.700 -1.200
  The goats kick each other at 1.300 -1.200

Set #536
  The goats kick each other at 4.200 -2.100
  The goats kick each other at 0.400 -7.300

Set #537
The goats kick each other at 1.000 -8.100

Set #538
The goats can't kick each other.

Set #539
The goats can't kick each other.

Set #540
  The goats kick each other at -5.700 4.000
  The goats kick each other at -3.700 -2.400

Set #541
  The goats kick each other at 4.500 -1.800
  The goats kick each other at 1.900 -1.800

Set #542
The goats can't kick each other.

Set #543
  The goats kick each other at -2.200 3.400
  The goats kick each other at -2.200 -6.200

Set #544
The goats kick each other at 4.800 -8.200

Set #545
  The goats kick each other at 1.600 2.500
  The goats kick each other at -4.200 2.500

Set #546
  The goats kick each other at 0.300 -6.200
  The goats kick each other at -9.300 -1.200

Set #547
The goats can't kick each other.

Set #548
  The goats kick each other at -4.800 6.400
  The goats kick each other at -4.000 -2.400

Set #549
The goats kick each other at -5.000 3.400

Set #550
The goats kick each other at -5.400 -1.500

Set #551
The goats can't kick each other.

Set #552
  The goats kick each other at 7.400 -4.500
  The goats kick each other at -2.400 -4.500

Set #553
The goats can't kick each other.

Set #554
  The goats kick each other at 7.000 -0.400
  The goats kick each other at 2.000 3.200

Set #555
The goats can't kick each other.

Set #556
  The goats kick each other at 7.200 8.500
  The goats kick each other at -0.200 -0.300

Set #557
The goats kick each other at -6.200 -4.600

Set #558
The goats can't kick each other.

Set #559
  The goats kick each other at -1.700 -1.800
  The goats kick each other at -1.700 -8.200

Set #560
The goats can't kick each other.

Set #561
The goats kick each other at 4.200 -6.100

Set #562
  The goats kick each other at 3.400 0.600
  The goats kick each other at -5.800 3.400

Set #563
The goats can't kick each other.

Set #564
  The goats kick each other at -1.300 4.700
  The goats kick each other at 7.700 -4.900

Set #565
The goats kick each other at 8.300 -0.300

Set #566
  The goats kick each other at 1.500 8.500
  The goats kick each other at 1.500 1.500

Set #567
  The goats kick each other at 3.200 -1.600
  The goats kick each other at -6.000 5.400

Set #568
The goats can't kick each other.

Set #569
The goats can't kick each other.

Set #570
  The goats kick each other at 0.900 1.700
  The goats kick each other at 0.900 -0.700

Set #571
The goats kick each other at 0.100 0.500

Set #572
The goats kick each other at 4.900 1.100

Set #573
The goats kick each other at 1.800 2.000

Set #574
  The goats kick each other at -0.400 0.500
  The goats kick each other at -0.400 -0.100

Set #575
The goats kick each other at -3.500 8.300

Set #576
  The goats kick each other at 0.800 8.500
  The goats kick each other at 0.800 0.900

Set #577
The goats can't kick each other.

Set #578
  The goats kick each other at 8.400 -4.900
  The goats kick each other at -1.400 -4.900

Set #579
The goats kick each other at -1.400 6.900

Set #580
The goats can't kick each other.

Set #581
The goats can't kick each other.

Set #582
The goats can't kick each other.

Set #583
  The goats kick each other at 1.400 7.500
  The goats kick each other at -1.600 2.100

Set #584
The goats can't kick each other.

Set #585
  The goats kick each other at -5.000 0.600
  The goats kick each other at -5.000 -1.400

Set #586
The goats can't kick each other.

Set #587
  The goats kick each other at -2.800 0.100
  The goats kick each other at -2.800 -9.300

Set #588
  The goats kick each other at 1.000 0.800
  The goats kick each other at -7.600 0.800

Set #589
The goats kick each other at -5.300 -3.000

Set #590
The goats kick each other at 0.000 -3.100

Set #591
The goats kick each other at -4.900 1.200

Set #592
The goats kick each other at 4.700 -2.000

Set #593
The goats can't kick each other.

Set #594
  The goats kick each other at -2.800 1.400
  The goats kick each other at -5.000 1.400

Set #595
The goats can't kick each other.

Set #596
The goats can't kick each other.

Set #597
  The goats kick each other at 3.800 -0.700
  The goats kick each other at 2.800 -0.700

Set #598
The goats kick each other at -7.600 -4.100

Set #599
The goats kick each other at -5.000 -0.900

Set #600
  The goats kick each other at 8.000 0.700
  The goats kick each other at -0.400 -6.500

Set #601
  The goats kick each other at -2.900 -1.800
  The goats kick each other at -3.500 -1.800

Set #602
  The goats kick each other at -0.400 2.500
  The goats kick each other at -2.800 4.100

Set #603
The goats can't kick each other.

Set #604
The goats kick each other at -6.600 -3.500

Set #605
  The goats kick each other at 2.200 1.600
  The goats kick each other at -2.400 1.600

Set #606
  The goats kick each other at 4.600 -2.100
  The goats kick each other at 4.600 -4.300

Set #607
The goats can't kick each other.

Set #608
The goats kick each other at -4.000 -1.800

Set #609
  The goats kick each other at -1.500 1.900
  The goats kick each other at -6.700 3.300

Set #610
  The goats kick each other at -3.900 1.500
  The goats kick each other at -3.900 -5.500

Set #611
The goats can't kick each other.

Set #612
The goats kick each other at -4.600 2.600

Set #613
The goats can't kick each other.

Set #614
  The goats kick each other at 3.500 4.600
  The goats kick each other at -5.500 -2.000

Set #615
The goats can't kick each other.

Set #616
The goats kick each other at 3.800 -5.100

Set #617
  The goats kick each other at 4.700 2.300
  The goats kick each other at 2.300 2.300

Set #618
The goats can't kick each other.

Set #619
The goats can't kick each other.

Set #620
The goats can't kick each other.

Set #621
The goats can't kick each other.

Set #622
The goats can't kick each other.

Set #623
The goats can't kick each other.

Set #624
The goats can't kick each other.

Set #625
The goats can't kick each other.

Set #626
  The goats kick each other at -3.500 -1.300
  The goats kick each other at -3.500 -8.500

Set #627
  The goats kick each other at 0.500 2.800
  The goats kick each other at -2.300 -4.800

Set #628
The goats can't kick each other.

Set #629
The goats kick each other at -5.600 6.300

Set #630
The goats can't kick each other.

Set #631
The goats kick each other at 0.300 -5.700

Set #632
  The goats kick each other at -2.300 -0.000
  The goats kick each other at -2.300 -6.600

Set #633
The goats kick each other at -4.400 1.000

Set #634
The goats can't kick each other.

Set #635
  The goats kick each other at 4.300 -0.800
  The goats kick each other at 4.300 -5.800

Set #636
  The goats kick each other at -0.400 -0.100
  The goats kick each other at -1.400 -0.100

Set #637
The goats can't kick each other.

Set #638
  The goats kick each other at -5.900 5.800
  The goats kick each other at 2.100 -3.800

Set #639
The goats kick each other at -6.200 -4.300

Set #640
The goats kick each other at 2.200 3.100

Set #641
The goats kick each other at -4.400 3.700

Set #642
The goats can't kick each other.

Set #643
The goats kick each other at -3.600 8.000

Set #644
The goats kick each other at -2.400 -4.700

Set #645
  The goats kick each other at 0.800 -3.200
  The goats kick each other at -6.800 -3.200

Set #646
  The goats kick each other at -0.700 -2.000
  The goats kick each other at -7.500 2.400

Set #647
The goats kick each other at -7.600 -0.100

Set #648
The goats can't kick each other.

Set #649
The goats can't kick each other.

Set #650
The goats kick each other at -5.200 -1.400

Set #651
  The goats kick each other at -0.900 5.500
  The goats kick each other at -2.500 3.900

Set #652
The goats kick each other at 2.700 5.800

Set #653
  The goats kick each other at 3.100 -6.100
  The goats kick each other at -5.900 -2.700

Set #654
  The goats kick each other at -2.000 7.300
  The goats kick each other at -2.000 -1.100

Set #655
  The goats kick each other at 4.500 -1.600
  The goats kick each other at -0.300 -1.600

Set #656
The goats kick each other at -0.100 -5.200

Set #657
The goats kick each other at 6.500 6.700

Set #658
The goats kick each other at -2.200 9.600

Set #659
The goats kick each other at 1.000 -3.200

Set #660
The goats can't kick each other.

Set #661
The goats can't kick each other.

Set #662
  The goats kick each other at 6.500 2.900
  The goats kick each other at -0.100 5.900

Set #663
The goats can't kick each other.

Set #664
The goats kick each other at -0.400 -8.100

Set #665
The goats can't kick each other.

Set #666
The goats kick each other at 7.700 7.400

Set #667
The goats kick each other at -3.300 -4.100

Set #668
  The goats kick each other at 2.900 1.400
  The goats kick each other at 2.900 -5.200

Set #669
  The goats kick each other at 3.600 4.300
  The goats kick each other at 3.600 1.100

Set #670
The goats kick each other at 2.300 -7.700

Set #671
The goats can't kick each other.

Set #672
The goats kick each other at -0.300 7.800

Set #673
  The goats kick each other at 3.000 3.600
  The goats kick each other at 6.800 -5.200

Set #674
  The goats kick each other at 0.000 -0.600
  The goats kick each other at 0.000 -4.600

Set #675
The goats kick each other at -7.300 3.900

Set #676
The goats can't kick each other.

Set #677
  The goats kick each other at -2.800 -4.600
  The goats kick each other at -2.800 -5.000

Set #678
The goats kick each other at -6.000 1.500

Set #679
The goats can't kick each other.

Set #680
The goats can't kick each other.

Set #681
The goats kick each other at 3.000 -0.500

Set #682
  The goats kick each other at 4.100 -3.900
  The goats kick each other at 4.100 -4.900

Set #683
The goats can't kick each other.

Set #684
The goats kick each other at 5.200 1.900

Set #685
  The goats kick each other at 6.600 1.100
  The goats kick each other at -1.600 2.500

Set #686
The goats can't kick each other.

Set #687
The goats kick each other at 8.600 -3.800

Set #688
The goats kick each other at -4.200 -3.400

Set #689
  The goats kick each other at -2.900 1.700
  The goats kick each other at -2.900 -5.300

Set #690
The goats kick each other at 0.500 -3.300

Set #691
The goats kick each other at 1.700 -4.400

Set #692
The goats can't kick each other.

Set #693
The goats kick each other at 1.100 2.700

Set #694
The goats can't kick each other.

Set #695
The goats can't kick each other.

Set #696
The goats kick each other at 1.600 -1.900

Set #697
The goats can't kick each other.

Set #698
The goats can't kick each other.

Set #699
The goats kick each other at -2.200 -2.500

Set #700
The goats can't kick each other.

Set #701
The goats can't kick each other.

Set #702
The goats kick each other at -0.800 3.800

Set #703
The goats can't kick each other.

Set #704
  The goats kick each other at 3.100 0.600
  The goats kick each other at 0.500 0.600

Set #705
  The goats kick each other at -1.400 2.800
  The goats kick each other at -1.400 -0.600

Set #706
  The goats kick each other at -1.200 -1.000
  The goats kick each other at -8.800 -6.200

Set #707
The goats can't kick each other.

Set #708
The goats can't kick each other.

Set #709
The goats kick each other at 3.000 -1.600

Set #710
The goats can't kick each other.

Set #711
The goats kick each other at -1.400 3.100

Set #712
The goats can't kick each other.

Set #713
The goats can't kick each other.

Set #714
  The goats kick each other at -2.200 0.800
  The goats kick each other at -2.200 -2.400

Set #715
The goats can't kick each other.

Set #716
  The goats kick each other at 1.900 2.100
  The goats kick each other at 1.900 -1.700

Set #717
  The goats kick each other at 5.500 -2.300
  The goats kick each other at -1.300 1.700

Set #718
The goats kick each other at 0.600 0.800

Set #719
  The goats kick each other at 4.300 -3.200
  The goats kick each other at -4.500 4.200

Set #720
The goats kick each other at -0.500 -1.800

Set #721
  The goats kick each other at 0.900 -2.000
  The goats kick each other at -5.900 -2.000

Set #722
The goats kick each other at 4.400 -2.100

Set #723
The goats kick each other at -7.600 2.500

Set #724
  The goats kick each other at -0.100 3.200
  The goats kick each other at -6.700 3.200

Set #725
The goats can't kick each other.

Set #726
The goats kick each other at -8.500 4.300

Set #727
The goats kick each other at -8.900 -1.100

Set #728
The goats can't kick each other.

Set #729
  The goats kick each other at -0.000 3.200
  The goats kick each other at -7.800 3.200

Set #730
The goats can't kick each other.

Set #731
The goats can't kick each other.

Set #732
The goats can't kick each other.

Set #733
The goats kick each other at 4.900 -4.600

Set #734
The goats kick each other at 4.200 -1.900

Set #735
The goats kick each other at -1.800 -3.500

Set #736
The goats can't kick each other.

Set #737
  The goats kick each other at -2.900 1.900
  The goats kick each other at -1.700 -0.700

Set #738
The goats kick each other at 0.100 2.300

Set #739
The goats kick each other at 4.000 2.700

Set #740
The goats kick each other at -3.600 -8.600

Set #741
The goats kick each other at 0.900 0.600

Set #742
The goats can't kick each other.

Set #743
The goats kick each other at 1.800 -4.600

Set #744
The goats kick each other at -0.900 8.700

Set #745
  The goats kick each other at -3.100 0.000
  The goats kick each other at -3.100 -4.400

Set #746
The goats can't kick each other.

Set #747
The goats can't kick each other.

Set #748
The goats kick each other at 7.600 -1.500

Set #749
The goats can't kick each other.

Set #750
The goats can't kick each other.

Set #751
The goats kick each other at -0.600 1.000

Set #752
  The goats kick each other at 4.600 2.600
  The goats kick each other at 4.600 1.600

Set #753
The goats kick each other at -0.700 2.600

Set #754
The goats can't kick each other.

Set #755
The goats kick each other at -0.300 3.300

Set #756
The goats can't kick each other.

Set #757
The goats kick each other at -9.600 -1.100

Set #758
The goats can't kick each other.

Set #759
  The goats kick each other at -2.300 0.100
  The goats kick each other at -4.700 0.100

Set #760
The goats kick each other at -2.100 8.000

Set #761
The goats can't kick each other.

Set #762
  The goats kick each other at -4.000 3.900
  The goats kick each other at -4.000 -2.900

Set #763
The goats kick each other at -6.900 3.600

Set #764
The goats can't kick each other.

Set #765
  The goats kick each other at 2.700 6.700
  The goats kick each other at 6.100 0.700

Set #766
The goats can't kick each other.

Set #767
The goats can't kick each other.

Set #768
The goats kick each other at 1.000 7.600

Set #769
The goats can't kick each other.

Set #770
The goats can't kick each other.

Set #771
  The goats kick each other at -4.800 4.600
  The goats kick each other at -4.800 4.400

Set #772
  The goats kick each other at -2.400 -0.500
  The goats kick each other at -2.400 -0.900

Set #773
  The goats kick each other at 3.100 6.700
  The goats kick each other at 3.100 -2.500

Set #774
The goats can't kick each other.

Set #775
  The goats kick each other at 2.600 8.100
  The goats kick each other at 7.200 -1.700

Set #776
  The goats kick each other at -0.300 2.200
  The goats kick each other at -0.300 -3.800

Set #777
The goats kick each other at 2.100 -1.500

Set #778
The goats can't kick each other.

Set #779
The goats kick each other at 2.900 8.300

Set #780
The goats can't kick each other.

Set #781
The goats can't kick each other.

Set #782
The goats can't kick each other.

Set #783
The goats can't kick each other.

Set #784
The goats kick each other at -3.700 1.300

Set #785
The goats kick each other at -4.300 9.000

Set #786
  The goats kick each other at 1.800 -5.000
  The goats kick each other at -6.000 -5.000

Set #787
  The goats kick each other at 4.000 4.500
  The goats kick each other at 4.000 -1.300

Set #788
  The goats kick each other at 8.000 2.400
  The goats kick each other at -0.200 2.400

Set #789
The goats can't kick each other.

Set #790
The goats kick each other at -4.600 -2.500

Set #791
The goats kick each other at -6.400 -7.800

Set #792
  The goats kick each other at -3.300 5.300
  The goats kick each other at -3.300 -4.300

Set #793
The goats can't kick each other.

Set #794
The goats kick each other at -0.700 1.900

Set #795
The goats can't kick each other.

Set #796
The goats kick each other at -3.800 2.700

Set #797
The goats kick each other at -1.600 -6.500

Set #798
The goats kick each other at -0.500 -1.900

Set #799
  The goats kick each other at 2.400 3.600
  The goats kick each other at 2.400 -0.400

Set #800
The goats kick each other at 1.300 -6.400

Set #801
The goats can't kick each other.

Set #802
The goats kick each other at 3.000 0.800

Set #803
The goats kick each other at 5.300 -3.100

Set #804
The goats kick each other at 4.400 -0.200

Set #805
The goats can't kick each other.

Set #806
The goats kick each other at -2.800 -8.000

Set #807
The goats can't kick each other.

Set #808
The goats can't kick each other.

Set #809
The goats kick each other at -4.100 9.600

Set #810
  The goats kick each other at -2.400 4.100
  The goats kick each other at -6.400 4.100

Set #811
The goats kick each other at -3.200 9.000

Set #812
  The goats kick each other at 1.600 -1.200
  The goats kick each other at -7.800 2.200

Set #813
The goats kick each other at 5.300 -2.500

Set #814
The goats kick each other at 5.600 1.500

Set #815
The goats can't kick each other.

Set #816
The goats kick each other at -2.200 0.300

Set #817
The goats kick each other at 5.500 -2.100

Set #818
The goats kick each other at 9.000 5.500

Set #819
  The goats kick each other at -5.700 9.600
  The goats kick each other at 1.900 0.200

Set #820
The goats can't kick each other.

Set #821
The goats can't kick each other.

Set #822
  The goats kick each other at 0.700 -1.200
  The goats kick each other at -5.500 -1.200

Set #823
  The goats kick each other at -0.400 1.600
  The goats kick each other at 4.200 -3.400

Set #824
The goats can't kick each other.

Set #825
The goats can't kick each other.

Set #826
The goats kick each other at -3.200 -0.100

Set #827
  The goats kick each other at 6.200 3.300
  The goats kick each other at 2.000 -4.500

Set #828
The goats can't kick each other.

Set #829
The goats kick each other at 2.900 2.300

Set #830
  The goats kick each other at -0.700 -1.000
  The goats kick each other at 2.100 -6.000

Set #831
  The goats kick each other at 4.200 2.700
  The goats kick each other at -1.800 2.700

Set #832
  The goats kick each other at -1.700 2.400
  The goats kick each other at -1.700 -0.800

Set #833
  The goats kick each other at -0.200 -0.100
  The goats kick each other at -0.200 -9.100

Set #834
  The goats kick each other at 1.000 4.400
  The goats kick each other at -5.600 -2.600

Set #835
  The goats kick each other at 3.200 2.300
  The goats kick each other at 3.200 -0.700

Set #836
The goats can't kick each other.

Set #837
The goats can't kick each other.

Set #838
The goats kick each other at -2.300 5.100

Set #839
The goats can't kick each other.

Set #840
  The goats kick each other at 2.600 6.700
  The goats kick each other at 7.400 -1.900

Set #841
  The goats kick each other at 1.600 -1.300
  The goats kick each other at 1.600 -6.500

Set #842
The goats can't kick each other.

Set #843
The goats kick each other at 6.800 -4.000

Set #844
The goats can't kick each other.

Set #845
The goats can't kick each other.

Set #846
The goats kick each other at -2.300 -6.900

Set #847
The goats can't kick each other.

Set #848
The goats can't kick each other.

Set #849
The goats can't kick each other.

Set #850
  The goats kick each other at 5.300 -3.100
  The goats kick each other at 4.500 -3.100

Set #851
The goats can't kick each other.

Set #852
The goats kick each other at 1.000 2.300

Set #853
  The goats kick each other at 4.900 5.200
  The goats kick each other at 4.900 -0.400

Set #854
The goats can't kick each other.

Set #855
  The goats kick each other at 4.700 -1.300
  The goats kick each other at -0.700 -1.300

Set #856
  The goats kick each other at -1.100 -3.000
  The goats kick each other at -5.500 -3.000

Set #857
The goats can't kick each other.

Set #858
  The goats kick each other at 0.900 6.200
  The goats kick each other at -2.300 1.400

Set #859
The goats kick each other at -2.000 3.900

Set #860
The goats kick each other at -3.600 -2.100

Set #861
The goats can't kick each other.

Set #862
The goats kick each other at -1.900 2.900

Set #863
  The goats kick each other at -2.500 4.400
  The goats kick each other at -6.100 4.400

Set #864
The goats kick each other at -7.300 -4.000

Set #865
  The goats kick each other at 3.000 3.700
  The goats kick each other at 3.000 -0.300

Set #866
  The goats kick each other at 6.100 -3.800
  The goats kick each other at -3.700 -3.800

Set #867
The goats kick each other at 5.500 0.400

Set #868
The goats kick each other at 1.700 3.900

Set #869
The goats kick each other at -3.100 -1.900

Set #870
The goats kick each other at -5.300 4.100

Set #871
The goats kick each other at -2.000 1.600

Set #872
The goats can't kick each other.

Set #873
The goats can't kick each other.

Set #874
  The goats kick each other at -0.600 5.600
  The goats kick each other at -6.800 -0.600

Set #875
The goats can't kick each other.

Set #876
  The goats kick each other at 4.300 4.100
  The goats kick each other at -4.900 4.100

Set #877
The goats kick each other at 5.900 -3.700

Set #878
The goats kick each other at -1.800 3.600

Set #879
  The goats kick each other at 6.000 0.500
  The goats kick each other at -3.800 0.500

Set #880
  The goats kick each other at -4.100 8.600
  The goats kick each other at -5.300 1.400

Set #881
  The goats kick each other at 0.700 4.100
  The goats kick each other at -1.500 -4.300

Set #882
  The goats kick each other at 5.700 -2.700
  The goats kick each other at 2.500 -0.700

Set #883
  The goats kick each other at 0.700 -1.800
  The goats kick each other at -4.700 -1.800

Set #884
The goats kick each other at 2.500 -2.100

Set #885
  The goats kick each other at 0.400 3.100
  The goats kick each other at -4.600 3.100

Set #886
The goats can't kick each other.

Set #887
  The goats kick each other at -0.200 -7.500
  The goats kick each other at -6.600 -1.700

Set #888
The goats kick each other at -7.900 5.300

Set #889
  The goats kick each other at -4.200 7.000
  The goats kick each other at -4.200 -0.400

Set #890
  The goats kick each other at -3.700 2.600
  The goats kick each other at -1.100 -7.000

Set #891
The goats can't kick each other.

Set #892
  The goats kick each other at -1.200 -5.000
  The goats kick each other at -8.000 -5.000

Set #893
The goats can't kick each other.

Set #894
  The goats kick each other at -3.200 4.900
  The goats kick each other at -6.800 4.900

Set #895
  The goats kick each other at 1.000 3.800
  The goats kick each other at 1.000 2.200

Set #896
The goats kick each other at 4.900 -3.700

Set #897
The goats kick each other at 8.500 -1.300

Set #898
The goats can't kick each other.

Set #899
  The goats kick each other at 1.900 0.000
  The goats kick each other at -6.700 0.000

Set #900
The goats can't kick each other.

Set #901
The goats kick each other at 5.200 -6.000

Set #902
  The goats kick each other at 1.200 3.500
  The goats kick each other at -4.800 3.500

Set #903
The goats kick each other at 4.700 4.700

Set #904
  The goats kick each other at -0.800 3.800
  The goats kick each other at -0.800 -5.400

Set #905
  The goats kick each other at 4.900 1.900
  The goats kick each other at 4.900 -4.900

Set #906
The goats can't kick each other.

Set #907
  The goats kick each other at -1.700 -0.400
  The goats kick each other at -1.700 -1.200

Set #908
  The goats kick each other at 4.300 -3.300
  The goats kick each other at 4.300 -4.900

Set #909
  The goats kick each other at 3.000 -0.700
  The goats kick each other at 2.200 -0.700

Set #910
The goats can't kick each other.

Set #911
The goats can't kick each other.

Set #912
The goats kick each other at -3.700 -2.100

Set #913
The goats can't kick each other.

Set #914
The goats kick each other at -2.300 -6.000

Set #915
  The goats kick each other at 5.700 1.600
  The goats kick each other at -2.700 -5.200

Set #916
The goats can't kick each other.

Set #917
The goats kick each other at 3.800 -4.400

Set #918
The goats kick each other at -1.500 -3.900

Set #919
The goats can't kick each other.

Set #920
The goats can't kick each other.

Set #921
  The goats kick each other at 1.200 5.500
  The goats kick each other at 1.800 -3.700

Set #922
The goats can't kick each other.

Set #923
The goats can't kick each other.

Set #924
The goats kick each other at 3.800 2.700

Set #925
The goats can't kick each other.

Set #926
The goats kick each other at 8.200 -1.000

Set #927
The goats kick each other at 5.300 0.300

Set #928
The goats can't kick each other.

Set #929
The goats can't kick each other.

Set #930
The goats can't kick each other.

Set #931
The goats can't kick each other.

Set #932
The goats kick each other at -7.500 3.400

Set #933
  The goats kick each other at -1.100 3.500
  The goats kick each other at 6.700 -5.500

Set #934
The goats can't kick each other.

Set #935
The goats can't kick each other.

Set #936
The goats kick each other at -2.400 -1.000

Set #937
The goats can't kick each other.

Set #938
The goats kick each other at -2.200 -1.100

Set #939
  The goats kick each other at 6.300 1.400
  The goats kick each other at 0.100 -1.600

Set #940
The goats kick each other at -9.100 5.300

Set #941
  The goats kick each other at -2.600 7.000
  The goats kick each other at -2.600 -2.400

Set #942
The goats can't kick each other.

Set #943
The goats can't kick each other.

Set #944
  The goats kick each other at -4.700 4.700
  The goats kick each other at -5.300 4.700

Set #945
The goats can't kick each other.

Set #946
  The goats kick each other at -4.500 1.300
  The goats kick each other at -0.500 -2.900

Set #947
  The goats kick each other at 2.200 3.700
  The goats kick each other at 2.200 -3.500

Set #948
  The goats kick each other at 7.800 -0.600
  The goats kick each other at -1.600 -0.600

Set #949
  The goats kick each other at -1.600 -1.900
  The goats kick each other at -1.600 -6.100

Set #950
  The goats kick each other at -3.100 5.700
  The goats kick each other at -3.100 2.500

Set #951
The goats kick each other at 4.500 8.300

Set #952
  The goats kick each other at 4.200 -0.400
  The goats kick each other at -3.200 -7.400

Set #953
The goats can't kick each other.

Set #954
  The goats kick each other at 6.000 4.800
  The goats kick each other at -2.800 4.800

Set #955
The goats kick each other at -0.800 -8.400

Set #956
The goats can't kick each other.

Set #957
The goats kick each other at -6.400 2.800

Set #958
The goats kick each other at -6.300 -1.300

Set #959
  The goats kick each other at 3.700 2.200
  The goats kick each other at 3.700 -4.000

Set #960
  The goats kick each other at -2.900 1.700
  The goats kick each other at -2.900 -4.700

Set #961
  The goats kick each other at -0.700 2.900
  The goats kick each other at -0.700 1.900

Set #962
  The goats kick each other at -0.700 -3.400
  The goats kick each other at -1.300 -3.400

Set #963
The goats kick each other at -9.300 3.300

Set #964
The goats can't kick each other.

Set #965
The goats kick each other at -2.400 -3.000

Set #966
The goats kick each other at -0.400 -2.900

Set #967
The goats kick each other at 0.900 -1.400

Set #968
The goats kick each other at 4.200 4.700

Set #969
The goats can't kick each other.

Set #970
The goats kick each other at 2.500 4.500

Set #971
The goats can't kick each other.

Set #972
The goats kick each other at -2.400 -2.200

Set #973
The goats can't kick each other.

Set #974
  The goats kick each other at 7.200 -2.200
  The goats kick each other at -0.400 -4.600

Set #975
The goats kick each other at 2.500 -0.900

Set #976
The goats kick each other at 1.500 -3.300

Set #977
  The goats kick each other at -2.300 4.200
  The goats kick each other at -3.300 0.600

Set #978
The goats can't kick each other.

Set #979
The goats kick each other at 8.400 3.700

Set #980
  The goats kick each other at 4.500 4.700
  The goats kick each other at 4.500 -3.900

Set #981
The goats kick each other at -1.000 3.400

Set #982
  The goats kick each other at -4.800 6.200
  The goats kick each other at -4.400 2.800

Set #983
  The goats kick each other at 0.200 -3.000
  The goats kick each other at -8.600 -3.000

Set #984
The goats kick each other at -1.900 6.300

Set #985
The goats kick each other at -0.300 -7.900

Set #986
The goats can't kick each other.

Set #987
The goats kick each other at 4.000 -2.700

Set #988
The goats can't kick each other.

Set #989
  The goats kick each other at 6.500 3.400
  The goats kick each other at 2.900 3.400

Set #990
The goats can't kick each other.

Set #991
The goats kick each other at -2.300 2.800

Set #992
The goats kick each other at -4.600 1.500

Set #993
The goats can't kick each other.

Set #994
  The goats kick each other at -1.900 -2.500
  The goats kick each other at -1.900 -6.900

Set #995
The goats can't kick each other.

Set #996
The goats can't kick each other.

Set #997
  The goats kick each other at -3.200 4.600
  The goats kick each other at -3.200 -5.200

Set #998
  The goats kick each other at 7.100 -3.500
  The goats kick each other at -1.100 -3.500

Set #999
The goats can't kick each other.

Set #1000
The goats kick each other at -2.600 7.100

